<?xml version="1.0" encoding="UTF-8"?>
<!-- Generated by org.testng.reporters.JUnitReportReporter -->
<testsuite hostname="MH30031711" name="seleniumgrid.TestGrid" tests="1" failures="0" timestamp="28 Feb 2018 12:31:12 GMT" time="7.525" errors="0">
  <testcase name="f" time="7.525" classname="seleniumgrid.TestGrid"/>
</testsuite> <!-- seleniumgrid.TestGrid -->
