<?xml version="1.0" encoding="UTF-8"?>
<!-- Generated by org.testng.reporters.JUnitReportReporter -->
<testsuite hostname="MH30031711" name="seleniumgrid.node2" tests="1" failures="0" timestamp="28 Feb 2018 12:30:07 GMT" time="10.581" errors="0">
  <testcase name="f" time="10.581" classname="seleniumgrid.node2"/>
</testsuite> <!-- seleniumgrid.node2 -->
