<?xml version="1.0" encoding="UTF-8"?>
<!-- Generated by org.testng.reporters.JUnitReportReporter -->
<testsuite hostname="MH30031711" name="seleniumgrid.node1" tests="1" failures="0" timestamp="28 Feb 2018 12:31:12 GMT" time="7.748" errors="0">
  <testcase name="f" time="7.748" classname="seleniumgrid.node1"/>
</testsuite> <!-- seleniumgrid.node1 -->
